{"E:\\Projects\\project\\src\\app.ts": {"path":"E:\\Projects\\project\\src\\app.ts","statementMap":{"0":{"start":{"line":1,"column":0},"end":{"line":1,"column":47}},"1":{"start":{"line":2,"column":0},"end":{"line":2,"column":28}},"2":{"start":{"line":3,"column":0},"end":{"line":3,"column":24}},"3":{"start":{"line":4,"column":0},"end":{"line":4,"column":45}},"4":{"start":{"line":5,"column":0},"end":{"line":5,"column":74}},"5":{"start":{"line":7,"column":25},"end":{"line":7,"column":34}},"6":{"start":{"line":10,"column":0},"end":{"line":10,"column":16}},"7":{"start":{"line":11,"column":0},"end":{"line":11,"column":24}},"8":{"start":{"line":12,"column":0},"end":{"line":12,"column":48}},"9":{"start":{"line":13,"column":0},"end":{"line":13,"column":23}},"10":{"start":{"line":16,"column":0},"end":{"line":16,"column":34}},"11":{"start":{"line":19,"column":0},"end":{"line":21,"column":3}},"12":{"start":{"line":20,"column":2},"end":{"line":20,"column":84}},"13":{"start":{"line":24,"column":0},"end":{"line":24,"column":25}},"14":{"start":{"line":25,"column":0},"end":{"line":25,"column":22}},"15":{"start":{"line":27,"column":0},"end":{"line":27,"column":19}}},"fnMap":{"0":{"name":"(anonymous_1)","decl":{"start":{"line":19,"column":19},"end":{"line":19,"column":20}},"loc":{"start":{"line":19,"column":32},"end":{"line":21,"column":1}}}},"branchMap":{},"s":{"0":1,"1":1,"2":1,"3":1,"4":1,"5":1,"6":1,"7":1,"8":1,"9":1,"10":1,"11":1,"12":0,"13":1,"14":1,"15":1},"f":{"0":0},"b":{}}
,"E:\\Projects\\project\\src\\controllers\\bookController.ts": {"path":"E:\\Projects\\project\\src\\controllers\\bookController.ts","statementMap":{"0":{"start":{"line":2,"column":0},"end":{"line":2,"column":55}},"1":{"start":{"line":3,"column":0},"end":{"line":3,"column":54}},"2":{"start":{"line":6,"column":27},"end":{"line":17,"column":1}},"3":{"start":{"line":7,"column":2},"end":{"line":16,"column":3}},"4":{"start":{"line":8,"column":18},"end":{"line":8,"column":43}},"5":{"start":{"line":9,"column":4},"end":{"line":13,"column":7}},"6":{"start":{"line":15,"column":4},"end":{"line":15,"column":16}},"7":{"start":{"line":6,"column":13},"end":{"line":6,"column":27}},"8":{"start":{"line":19,"column":27},"end":{"line":35,"column":1}},"9":{"start":{"line":20,"column":2},"end":{"line":34,"column":3}},"10":{"start":{"line":21,"column":19},"end":{"line":21,"column":29}},"11":{"start":{"line":22,"column":17},"end":{"line":22,"column":44}},"12":{"start":{"line":24,"column":4},"end":{"line":26,"column":5}},"13":{"start":{"line":25,"column":6},"end":{"line":25,"column":62}},"14":{"start":{"line":28,"column":4},"end":{"line":31,"column":7}},"15":{"start":{"line":33,"column":4},"end":{"line":33,"column":16}},"16":{"start":{"line":19,"column":13},"end":{"line":19,"column":27}},"17":{"start":{"line":37,"column":26},"end":{"line":55,"column":1}},"18":{"start":{"line":38,"column":2},"end":{"line":54,"column":3}},"19":{"start":{"line":39,"column":34},"end":{"line":39,"column":42}},"20":{"start":{"line":41,"column":29},"end":{"line":41,"column":69}},"21":{"start":{"line":42,"column":4},"end":{"line":44,"column":5}},"22":{"start":{"line":43,"column":6},"end":{"line":43,"column":82}},"23":{"start":{"line":46,"column":20},"end":{"line":46,"column":53}},"24":{"start":{"line":48,"column":4},"end":{"line":51,"column":7}},"25":{"start":{"line":53,"column":4},"end":{"line":53,"column":16}},"26":{"start":{"line":37,"column":13},"end":{"line":37,"column":26}},"27":{"start":{"line":57,"column":26},"end":{"line":80,"column":1}},"28":{"start":{"line":58,"column":2},"end":{"line":79,"column":3}},"29":{"start":{"line":59,"column":19},"end":{"line":59,"column":29}},"30":{"start":{"line":60,"column":34},"end":{"line":60,"column":42}},"31":{"start":{"line":62,"column":29},"end":{"line":62,"column":69}},"32":{"start":{"line":63,"column":4},"end":{"line":65,"column":5}},"33":{"start":{"line":64,"column":6},"end":{"line":64,"column":82}},"34":{"start":{"line":67,"column":24},"end":{"line":67,"column":61}},"35":{"start":{"line":69,"column":4},"end":{"line":71,"column":5}},"36":{"start":{"line":70,"column":6},"end":{"line":70,"column":62}},"37":{"start":{"line":73,"column":4},"end":{"line":76,"column":7}},"38":{"start":{"line":78,"column":4},"end":{"line":78,"column":16}},"39":{"start":{"line":57,"column":13},"end":{"line":57,"column":26}},"40":{"start":{"line":82,"column":26},"end":{"line":98,"column":1}},"41":{"start":{"line":83,"column":2},"end":{"line":97,"column":3}},"42":{"start":{"line":84,"column":19},"end":{"line":84,"column":29}},"43":{"start":{"line":85,"column":20},"end":{"line":85,"column":46}},"44":{"start":{"line":87,"column":4},"end":{"line":89,"column":5}},"45":{"start":{"line":88,"column":6},"end":{"line":88,"column":62}},"46":{"start":{"line":91,"column":4},"end":{"line":94,"column":7}},"47":{"start":{"line":96,"column":4},"end":{"line":96,"column":16}},"48":{"start":{"line":82,"column":13},"end":{"line":82,"column":26}},"49":{"start":{"line":100,"column":27},"end":{"line":117,"column":1}},"50":{"start":{"line":101,"column":2},"end":{"line":116,"column":3}},"51":{"start":{"line":102,"column":4},"end":{"line":104,"column":5}},"52":{"start":{"line":103,"column":6},"end":{"line":103,"column":54}},"53":{"start":{"line":106,"column":24},"end":{"line":106,"column":57}},"54":{"start":{"line":107,"column":19},"end":{"line":107,"column":62}},"55":{"start":{"line":109,"column":4},"end":{"line":113,"column":7}},"56":{"start":{"line":115,"column":4},"end":{"line":115,"column":16}},"57":{"start":{"line":100,"column":13},"end":{"line":100,"column":27}}},"fnMap":{"0":{"name":"(anonymous_9)","decl":{"start":{"line":6,"column":27},"end":{"line":6,"column":28}},"loc":{"start":{"line":6,"column":79},"end":{"line":17,"column":1}}},"1":{"name":"(anonymous_10)","decl":{"start":{"line":19,"column":27},"end":{"line":19,"column":28}},"loc":{"start":{"line":19,"column":79},"end":{"line":35,"column":1}}},"2":{"name":"(anonymous_11)","decl":{"start":{"line":37,"column":26},"end":{"line":37,"column":27}},"loc":{"start":{"line":37,"column":78},"end":{"line":55,"column":1}}},"3":{"name":"(anonymous_12)","decl":{"start":{"line":57,"column":26},"end":{"line":57,"column":27}},"loc":{"start":{"line":57,"column":78},"end":{"line":80,"column":1}}},"4":{"name":"(anonymous_13)","decl":{"start":{"line":82,"column":26},"end":{"line":82,"column":27}},"loc":{"start":{"line":82,"column":78},"end":{"line":98,"column":1}}},"5":{"name":"(anonymous_14)","decl":{"start":{"line":100,"column":27},"end":{"line":100,"column":28}},"loc":{"start":{"line":100,"column":79},"end":{"line":117,"column":1}}}},"branchMap":{"0":{"loc":{"start":{"line":24,"column":4},"end":{"line":26,"column":5}},"type":"if","locations":[{"start":{"line":24,"column":4},"end":{"line":26,"column":5}}]},"1":{"loc":{"start":{"line":42,"column":4},"end":{"line":44,"column":5}},"type":"if","locations":[{"start":{"line":42,"column":4},"end":{"line":44,"column":5}}]},"2":{"loc":{"start":{"line":63,"column":4},"end":{"line":65,"column":5}},"type":"if","locations":[{"start":{"line":63,"column":4},"end":{"line":65,"column":5}}]},"3":{"loc":{"start":{"line":69,"column":4},"end":{"line":71,"column":5}},"type":"if","locations":[{"start":{"line":69,"column":4},"end":{"line":71,"column":5}}]},"4":{"loc":{"start":{"line":87,"column":4},"end":{"line":89,"column":5}},"type":"if","locations":[{"start":{"line":87,"column":4},"end":{"line":89,"column":5}}]},"5":{"loc":{"start":{"line":102,"column":4},"end":{"line":104,"column":5}},"type":"if","locations":[{"start":{"line":102,"column":4},"end":{"line":104,"column":5}}]},"6":{"loc":{"start":{"line":109,"column":15},"end":{"line":109,"column":41}},"type":"cond-expr","locations":[{"start":{"line":109,"column":32},"end":{"line":109,"column":35}},{"start":{"line":109,"column":38},"end":{"line":109,"column":41}}]}},"s":{"0":1,"1":1,"2":1,"3":1,"4":1,"5":1,"6":0,"7":1,"8":1,"9":2,"10":2,"11":2,"12":2,"13":1,"14":1,"15":1,"16":1,"17":1,"18":2,"19":2,"20":2,"21":2,"22":1,"23":1,"24":1,"25":1,"26":1,"27":1,"28":1,"29":1,"30":1,"31":1,"32":1,"33":0,"34":1,"35":1,"36":0,"37":1,"38":0,"39":1,"40":1,"41":1,"42":1,"43":1,"44":1,"45":0,"46":1,"47":0,"48":1,"49":1,"50":2,"51":2,"52":0,"53":2,"54":2,"55":2,"56":0,"57":1},"f":{"0":1,"1":2,"2":2,"3":1,"4":1,"5":2},"b":{"0":[1],"1":[1],"2":[0],"3":[0],"4":[0],"5":[0],"6":[1,1]}}
,"E:\\Projects\\project\\src\\middleware\\errorHandler.ts": {"path":"E:\\Projects\\project\\src\\middleware\\errorHandler.ts","statementMap":{"0":{"start":{"line":7,"column":4},"end":{"line":7,"column":19}},"1":{"start":{"line":8,"column":4},"end":{"line":8,"column":33}},"2":{"start":{"line":9,"column":4},"end":{"line":9,"column":38}},"3":{"start":{"line":10,"column":4},"end":{"line":10,"column":52}},"4":{"start":{"line":3,"column":0},"end":{"line":3,"column":13}},"5":{"start":{"line":14,"column":28},"end":{"line":33,"column":1}},"6":{"start":{"line":20,"column":2},"end":{"line":20,"column":31}},"7":{"start":{"line":22,"column":2},"end":{"line":27,"column":3}},"8":{"start":{"line":23,"column":4},"end":{"line":26,"column":7}},"9":{"start":{"line":29,"column":2},"end":{"line":32,"column":5}},"10":{"start":{"line":14,"column":13},"end":{"line":14,"column":28}},"11":{"start":{"line":35,"column":31},"end":{"line":40,"column":1}},"12":{"start":{"line":36,"column":2},"end":{"line":39,"column":5}},"13":{"start":{"line":35,"column":13},"end":{"line":35,"column":31}}},"fnMap":{"0":{"name":"(anonymous_0)","decl":{"start":{"line":6,"column":2},"end":{"line":6,"column":14}},"loc":{"start":{"line":6,"column":49},"end":{"line":11,"column":3}}},"1":{"name":"(anonymous_1)","decl":{"start":{"line":14,"column":28},"end":{"line":14,"column":null}},"loc":{"start":{"line":19,"column":4},"end":{"line":33,"column":1}}},"2":{"name":"(anonymous_2)","decl":{"start":{"line":35,"column":31},"end":{"line":35,"column":32}},"loc":{"start":{"line":35,"column":63},"end":{"line":40,"column":1}}}},"branchMap":{"0":{"loc":{"start":{"line":22,"column":2},"end":{"line":27,"column":3}},"type":"if","locations":[{"start":{"line":22,"column":2},"end":{"line":27,"column":3}}]}},"s":{"0":2,"1":2,"2":2,"3":2,"4":1,"5":1,"6":2,"7":2,"8":2,"9":0,"10":1,"11":1,"12":0,"13":1},"f":{"0":2,"1":2,"2":0},"b":{"0":[2]}}
,"E:\\Projects\\project\\src\\models\\book.ts": {"path":"E:\\Projects\\project\\src\\models\\book.ts","statementMap":{"0":{"start":{"line":1,"column":0},"end":{"line":1,"column":36}},"1":{"start":{"line":23,"column":4},"end":{"line":23,"column":23}},"2":{"start":{"line":24,"column":4},"end":{"line":24,"column":33}},"3":{"start":{"line":25,"column":4},"end":{"line":25,"column":35}},"4":{"start":{"line":26,"column":4},"end":{"line":26,"column":49}},"5":{"start":{"line":16,"column":0},"end":{"line":16,"column":13}}},"fnMap":{"0":{"name":"(anonymous_0)","decl":{"start":{"line":22,"column":2},"end":{"line":22,"column":14}},"loc":{"start":{"line":22,"column":35},"end":{"line":27,"column":3}}}},"branchMap":{},"s":{"0":1,"1":4,"2":4,"3":4,"4":4,"5":1},"f":{"0":4},"b":{}}
,"E:\\Projects\\project\\src\\routes\\bookRoutes.ts": {"path":"E:\\Projects\\project\\src\\routes\\bookRoutes.ts","statementMap":{"0":{"start":{"line":1,"column":0},"end":{"line":1,"column":33}},"1":{"start":{"line":2,"column":0},"end":{"line":2,"column":28}},"2":{"start":{"line":3,"column":0},"end":{"line":3,"column":64}},"3":{"start":{"line":5,"column":15},"end":{"line":5,"column":23}},"4":{"start":{"line":6,"column":15},"end":{"line":6,"column":58}},"5":{"start":{"line":12,"column":0},"end":{"line":12,"column":44}},"6":{"start":{"line":18,"column":0},"end":{"line":18,"column":47}},"7":{"start":{"line":24,"column":0},"end":{"line":24,"column":44}},"8":{"start":{"line":30,"column":0},"end":{"line":30,"column":46}},"9":{"start":{"line":36,"column":0},"end":{"line":36,"column":49}},"10":{"start":{"line":42,"column":0},"end":{"line":42,"column":74}},"11":{"start":{"line":44,"column":0},"end":{"line":44,"column":22}}},"fnMap":{},"branchMap":{},"s":{"0":1,"1":1,"2":1,"3":1,"4":1,"5":1,"6":1,"7":1,"8":1,"9":1,"10":1,"11":1},"f":{},"b":{}}
,"E:\\Projects\\project\\src\\services\\bookService.ts": {"path":"E:\\Projects\\project\\src\\services\\bookService.ts","statementMap":{"0":{"start":{"line":1,"column":0},"end":{"line":1,"column":88}},"1":{"start":{"line":4,"column":21},"end":{"line":4,"column":23}},"2":{"start":{"line":6,"column":27},"end":{"line":8,"column":1}},"3":{"start":{"line":7,"column":2},"end":{"line":7,"column":15}},"4":{"start":{"line":6,"column":13},"end":{"line":6,"column":27}},"5":{"start":{"line":10,"column":27},"end":{"line":12,"column":1}},"6":{"start":{"line":11,"column":2},"end":{"line":11,"column":44}},"7":{"start":{"line":11,"column":28},"end":{"line":11,"column":42}},"8":{"start":{"line":10,"column":13},"end":{"line":10,"column":27}},"9":{"start":{"line":14,"column":26},"end":{"line":18,"column":1}},"10":{"start":{"line":15,"column":18},"end":{"line":15,"column":37}},"11":{"start":{"line":16,"column":2},"end":{"line":16,"column":22}},"12":{"start":{"line":17,"column":2},"end":{"line":17,"column":17}},"13":{"start":{"line":14,"column":13},"end":{"line":14,"column":26}},"14":{"start":{"line":20,"column":26},"end":{"line":34,"column":1}},"15":{"start":{"line":21,"column":20},"end":{"line":21,"column":59}},"16":{"start":{"line":21,"column":44},"end":{"line":21,"column":58}},"17":{"start":{"line":23,"column":2},"end":{"line":25,"column":3}},"18":{"start":{"line":24,"column":4},"end":{"line":24,"column":21}},"19":{"start":{"line":27,"column":22},"end":{"line":30,"column":4}},"20":{"start":{"line":32,"column":2},"end":{"line":32,"column":33}},"21":{"start":{"line":33,"column":2},"end":{"line":33,"column":21}},"22":{"start":{"line":20,"column":13},"end":{"line":20,"column":26}},"23":{"start":{"line":36,"column":26},"end":{"line":40,"column":1}},"24":{"start":{"line":37,"column":24},"end":{"line":37,"column":36}},"25":{"start":{"line":38,"column":2},"end":{"line":38,"column":47}},"26":{"start":{"line":38,"column":31},"end":{"line":38,"column":45}},"27":{"start":{"line":39,"column":2},"end":{"line":39,"column":38}},"28":{"start":{"line":36,"column":13},"end":{"line":36,"column":26}},"29":{"start":{"line":42,"column":33},"end":{"line":69,"column":1}},"30":{"start":{"line":43,"column":27},"end":{"line":43,"column":29}},"31":{"start":{"line":45,"column":2},"end":{"line":49,"column":3}},"32":{"start":{"line":46,"column":4},"end":{"line":46,"column":37}},"33":{"start":{"line":47,"column":9},"end":{"line":49,"column":3}},"34":{"start":{"line":48,"column":4},"end":{"line":48,"column":42}},"35":{"start":{"line":51,"column":2},"end":{"line":55,"column":3}},"36":{"start":{"line":52,"column":4},"end":{"line":52,"column":38}},"37":{"start":{"line":53,"column":9},"end":{"line":55,"column":3}},"38":{"start":{"line":54,"column":4},"end":{"line":54,"column":43}},"39":{"start":{"line":57,"column":2},"end":{"line":66,"column":3}},"40":{"start":{"line":58,"column":4},"end":{"line":58,"column":46}},"41":{"start":{"line":60,"column":17},"end":{"line":60,"column":44}},"42":{"start":{"line":61,"column":4},"end":{"line":65,"column":5}},"43":{"start":{"line":62,"column":6},"end":{"line":62,"column":62}},"44":{"start":{"line":63,"column":11},"end":{"line":65,"column":5}},"45":{"start":{"line":64,"column":6},"end":{"line":64,"column":89}},"46":{"start":{"line":68,"column":2},"end":{"line":68,"column":16}},"47":{"start":{"line":42,"column":13},"end":{"line":42,"column":33}},"48":{"start":{"line":71,"column":34},"end":{"line":143,"column":1}},"49":{"start":{"line":72,"column":16},"end":{"line":72,"column":74}},"50":{"start":{"line":72,"column":55},"end":{"line":72,"column":73}},"51":{"start":{"line":75,"column":2},"end":{"line":81,"column":3}},"52":{"start":{"line":76,"column":4},"end":{"line":80,"column":6}},"53":{"start":{"line":84,"column":17},"end":{"line":84,"column":69}},"54":{"start":{"line":84,"column":60},"end":{"line":84,"column":68}},"55":{"start":{"line":85,"column":26},"end":{"line":85,"column":62}},"56":{"start":{"line":87,"column":25},"end":{"line":87,"column":77}},"57":{"start":{"line":87,"column":55},"end":{"line":87,"column":76}},"58":{"start":{"line":88,"column":2},"end":{"line":94,"column":3}},"59":{"start":{"line":89,"column":4},"end":{"line":93,"column":6}},"60":{"start":{"line":97,"column":21},"end":{"line":97,"column":44}},"61":{"start":{"line":98,"column":22},"end":{"line":98,"column":46}},"62":{"start":{"line":99,"column":29},"end":{"line":99,"column":60}},"63":{"start":{"line":101,"column":46},"end":{"line":101,"column":48}},"64":{"start":{"line":102,"column":19},"end":{"line":102,"column":20}},"65":{"start":{"line":105,"column":2},"end":{"line":136,"column":3}},"66":{"start":{"line":105,"column":15},"end":{"line":105,"column":16}},"67":{"start":{"line":106,"column":17},"end":{"line":106,"column":32}},"68":{"start":{"line":107,"column":4},"end":{"line":107,"column":30}},"69":{"start":{"line":107,"column":21},"end":{"line":107,"column":30}},"70":{"start":{"line":109,"column":19},"end":{"line":109,"column":34}},"71":{"start":{"line":111,"column":4},"end":{"line":117,"column":5}},"72":{"start":{"line":112,"column":6},"end":{"line":115,"column":9}},"73":{"start":{"line":116,"column":6},"end":{"line":116,"column":15}},"74":{"start":{"line":119,"column":34},"end":{"line":123,"column":6}},"75":{"start":{"line":125,"column":19},"end":{"line":125,"column":47}},"76":{"start":{"line":127,"column":4},"end":{"line":135,"column":5}},"77":{"start":{"line":128,"column":6},"end":{"line":131,"column":9}},"78":{"start":{"line":133,"column":6},"end":{"line":133,"column":28}},"79":{"start":{"line":134,"column":6},"end":{"line":134,"column":19}},"80":{"start":{"line":138,"column":2},"end":{"line":142,"column":4}},"81":{"start":{"line":71,"column":13},"end":{"line":71,"column":34}}},"fnMap":{"0":{"name":"(anonymous_0)","decl":{"start":{"line":6,"column":27},"end":{"line":6,"column":39}},"loc":{"start":{"line":6,"column":41},"end":{"line":8,"column":1}}},"1":{"name":"(anonymous_1)","decl":{"start":{"line":10,"column":27},"end":{"line":10,"column":28}},"loc":{"start":{"line":10,"column":61},"end":{"line":12,"column":1}}},"2":{"name":"(anonymous_2)","decl":{"start":{"line":11,"column":20},"end":{"line":11,"column":24}},"loc":{"start":{"line":11,"column":28},"end":{"line":11,"column":42}}},"3":{"name":"(anonymous_3)","decl":{"start":{"line":14,"column":26},"end":{"line":14,"column":27}},"loc":{"start":{"line":14,"column":59},"end":{"line":18,"column":1}}},"4":{"name":"(anonymous_4)","decl":{"start":{"line":20,"column":26},"end":{"line":20,"column":27}},"loc":{"start":{"line":20,"column":83},"end":{"line":34,"column":1}}},"5":{"name":"(anonymous_5)","decl":{"start":{"line":21,"column":36},"end":{"line":21,"column":40}},"loc":{"start":{"line":21,"column":44},"end":{"line":21,"column":58}}},"6":{"name":"(anonymous_6)","decl":{"start":{"line":36,"column":26},"end":{"line":36,"column":27}},"loc":{"start":{"line":36,"column":50},"end":{"line":40,"column":1}}},"7":{"name":"(anonymous_7)","decl":{"start":{"line":38,"column":23},"end":{"line":38,"column":27}},"loc":{"start":{"line":38,"column":31},"end":{"line":38,"column":45}}},"8":{"name":"(anonymous_8)","decl":{"start":{"line":42,"column":33},"end":{"line":42,"column":34}},"loc":{"start":{"line":42,"column":58},"end":{"line":69,"column":1}}},"9":{"name":"(anonymous_9)","decl":{"start":{"line":71,"column":34},"end":{"line":71,"column":35}},"loc":{"start":{"line":71,"column":72},"end":{"line":143,"column":1}}},"10":{"name":"(anonymous_10)","decl":{"start":{"line":72,"column":47},"end":{"line":72,"column":51}},"loc":{"start":{"line":72,"column":55},"end":{"line":72,"column":73}}},"11":{"name":"(anonymous_11)","decl":{"start":{"line":84,"column":55},"end":{"line":84,"column":56}},"loc":{"start":{"line":84,"column":60},"end":{"line":84,"column":68}}},"12":{"name":"(anonymous_12)","decl":{"start":{"line":87,"column":48},"end":{"line":87,"column":51}},"loc":{"start":{"line":87,"column":55},"end":{"line":87,"column":76}}}},"branchMap":{"0":{"loc":{"start":{"line":23,"column":2},"end":{"line":25,"column":3}},"type":"if","locations":[{"start":{"line":23,"column":2},"end":{"line":25,"column":3}}]},"1":{"loc":{"start":{"line":45,"column":2},"end":{"line":49,"column":3}},"type":"if","locations":[{"start":{"line":45,"column":2},"end":{"line":49,"column":3}},{"start":{"line":47,"column":9},"end":{"line":49,"column":3}}]},"2":{"loc":{"start":{"line":47,"column":9},"end":{"line":49,"column":3}},"type":"if","locations":[{"start":{"line":47,"column":9},"end":{"line":49,"column":3}}]},"3":{"loc":{"start":{"line":51,"column":2},"end":{"line":55,"column":3}},"type":"if","locations":[{"start":{"line":51,"column":2},"end":{"line":55,"column":3}},{"start":{"line":53,"column":9},"end":{"line":55,"column":3}}]},"4":{"loc":{"start":{"line":53,"column":9},"end":{"line":55,"column":3}},"type":"if","locations":[{"start":{"line":53,"column":9},"end":{"line":55,"column":3}}]},"5":{"loc":{"start":{"line":57,"column":2},"end":{"line":66,"column":3}},"type":"if","locations":[{"start":{"line":57,"column":2},"end":{"line":66,"column":3}},{"start":{"line":59,"column":9},"end":{"line":66,"column":3}}]},"6":{"loc":{"start":{"line":61,"column":4},"end":{"line":65,"column":5}},"type":"if","locations":[{"start":{"line":61,"column":4},"end":{"line":65,"column":5}},{"start":{"line":63,"column":11},"end":{"line":65,"column":5}}]},"7":{"loc":{"start":{"line":61,"column":8},"end":{"line":61,"column":32}},"type":"binary-expr","locations":[{"start":{"line":61,"column":8},"end":{"line":61,"column":19}},{"start":{"line":61,"column":23},"end":{"line":61,"column":32}}]},"8":{"loc":{"start":{"line":63,"column":11},"end":{"line":65,"column":5}},"type":"if","locations":[{"start":{"line":63,"column":11},"end":{"line":65,"column":5}}]},"9":{"loc":{"start":{"line":63,"column":15},"end":{"line":63,"column":61}},"type":"binary-expr","locations":[{"start":{"line":63,"column":15},"end":{"line":63,"column":26}},{"start":{"line":63,"column":30},"end":{"line":63,"column":61}}]},"10":{"loc":{"start":{"line":75,"column":2},"end":{"line":81,"column":3}},"type":"if","locations":[{"start":{"line":75,"column":2},"end":{"line":81,"column":3}}]},"11":{"loc":{"start":{"line":88,"column":2},"end":{"line":94,"column":3}},"type":"if","locations":[{"start":{"line":88,"column":2},"end":{"line":94,"column":3}}]},"12":{"loc":{"start":{"line":107,"column":4},"end":{"line":107,"column":30}},"type":"if","locations":[{"start":{"line":107,"column":4},"end":{"line":107,"column":30}}]},"13":{"loc":{"start":{"line":111,"column":4},"end":{"line":117,"column":5}},"type":"if","locations":[{"start":{"line":111,"column":4},"end":{"line":117,"column":5}}]},"14":{"loc":{"start":{"line":127,"column":4},"end":{"line":135,"column":5}},"type":"if","locations":[{"start":{"line":127,"column":4},"end":{"line":135,"column":5}},{"start":{"line":132,"column":11},"end":{"line":135,"column":5}}]}},"s":{"0":1,"1":1,"2":1,"3":1,"4":1,"5":1,"6":2,"7":2,"8":1,"9":1,"10":4,"11":4,"12":4,"13":1,"14":1,"15":1,"16":1,"17":1,"18":0,"19":1,"20":1,"21":1,"22":1,"23":1,"24":1,"25":1,"26":1,"27":1,"28":1,"29":1,"30":9,"31":9,"32":1,"33":8,"34":0,"35":9,"36":1,"37":8,"38":0,"39":9,"40":1,"41":8,"42":8,"43":1,"44":7,"45":1,"46":9,"47":1,"48":1,"49":2,"50":8,"51":2,"52":0,"53":2,"54":6,"55":2,"56":2,"57":6,"58":2,"59":0,"60":2,"61":2,"62":2,"63":2,"64":2,"65":2,"66":2,"67":6,"68":6,"69":0,"70":6,"71":6,"72":0,"73":0,"74":6,"75":6,"76":6,"77":3,"78":3,"79":3,"80":2,"81":1},"f":{"0":1,"1":2,"2":2,"3":4,"4":1,"5":1,"6":1,"7":1,"8":9,"9":2,"10":8,"11":6,"12":6},"b":{"0":[0],"1":[1,8],"2":[0],"3":[1,8],"4":[0],"5":[1,8],"6":[1,7],"7":[8,7],"8":[1],"9":[7,7],"10":[0],"11":[0],"12":[0],"13":[0],"14":[3,3]}}
}
