TN:
SF:src\app.ts
FN:19,(anonymous_1)
FNF:1
FNH:0
FNDA:0,(anonymous_1)
DA:1,1
DA:2,1
DA:3,1
DA:4,1
DA:5,1
DA:7,1
DA:10,1
DA:11,1
DA:12,1
DA:13,1
DA:16,1
DA:19,1
DA:20,0
DA:24,1
DA:25,1
DA:27,1
LF:16
LH:15
BRF:0
BRH:0
end_of_record
TN:
SF:src\controllers\bookController.ts
FN:6,(anonymous_9)
FN:19,(anonymous_10)
FN:37,(anonymous_11)
FN:57,(anonymous_12)
FN:82,(anonymous_13)
FN:100,(anonymous_14)
FNF:6
FNH:6
FNDA:1,(anonymous_9)
FNDA:2,(anonymous_10)
FNDA:2,(anonymous_11)
FNDA:1,(anonymous_12)
FNDA:1,(anonymous_13)
FNDA:2,(anonymous_14)
DA:2,1
DA:3,1
DA:6,1
DA:7,1
DA:8,1
DA:9,1
DA:15,0
DA:19,1
DA:20,2
DA:21,2
DA:22,2
DA:24,2
DA:25,1
DA:28,1
DA:33,1
DA:37,1
DA:38,2
DA:39,2
DA:41,2
DA:42,2
DA:43,1
DA:46,1
DA:48,1
DA:53,1
DA:57,1
DA:58,1
DA:59,1
DA:60,1
DA:62,1
DA:63,1
DA:64,0
DA:67,1
DA:69,1
DA:70,0
DA:73,1
DA:78,0
DA:82,1
DA:83,1
DA:84,1
DA:85,1
DA:87,1
DA:88,0
DA:91,1
DA:96,0
DA:100,1
DA:101,2
DA:102,2
DA:103,0
DA:106,2
DA:107,2
DA:109,2
DA:115,0
LF:52
LH:44
BRDA:24,0,0,1
BRDA:42,1,0,1
BRDA:63,2,0,0
BRDA:69,3,0,0
BRDA:87,4,0,0
BRDA:102,5,0,0
BRDA:109,6,0,1
BRDA:109,6,1,1
BRF:8
BRH:4
end_of_record
TN:
SF:src\middleware\errorHandler.ts
FN:6,(anonymous_0)
FN:14,(anonymous_1)
FN:35,(anonymous_2)
FNF:3
FNH:2
FNDA:2,(anonymous_0)
FNDA:2,(anonymous_1)
FNDA:0,(anonymous_2)
DA:3,1
DA:7,2
DA:8,2
DA:9,2
DA:10,2
DA:14,1
DA:20,2
DA:22,2
DA:23,2
DA:29,0
DA:35,1
DA:36,0
LF:12
LH:10
BRDA:22,0,0,2
BRF:1
BRH:1
end_of_record
TN:
SF:src\models\book.ts
FN:22,(anonymous_0)
FNF:1
FNH:1
FNDA:4,(anonymous_0)
DA:1,1
DA:16,1
DA:23,4
DA:24,4
DA:25,4
DA:26,4
LF:6
LH:6
BRF:0
BRH:0
end_of_record
TN:
SF:src\routes\bookRoutes.ts
FNF:0
FNH:0
DA:1,1
DA:2,1
DA:3,1
DA:5,1
DA:6,1
DA:12,1
DA:18,1
DA:24,1
DA:30,1
DA:36,1
DA:42,1
DA:44,1
LF:12
LH:12
BRF:0
BRH:0
end_of_record
TN:
SF:src\services\bookService.ts
FN:6,(anonymous_0)
FN:10,(anonymous_1)
FN:11,(anonymous_2)
FN:14,(anonymous_3)
FN:20,(anonymous_4)
FN:21,(anonymous_5)
FN:36,(anonymous_6)
FN:38,(anonymous_7)
FN:42,(anonymous_8)
FN:71,(anonymous_9)
FN:72,(anonymous_10)
FN:84,(anonymous_11)
FN:87,(anonymous_12)
FNF:13
FNH:13
FNDA:1,(anonymous_0)
FNDA:2,(anonymous_1)
FNDA:2,(anonymous_2)
FNDA:4,(anonymous_3)
FNDA:1,(anonymous_4)
FNDA:1,(anonymous_5)
FNDA:1,(anonymous_6)
FNDA:1,(anonymous_7)
FNDA:9,(anonymous_8)
FNDA:2,(anonymous_9)
FNDA:8,(anonymous_10)
FNDA:6,(anonymous_11)
FNDA:6,(anonymous_12)
DA:1,1
DA:4,1
DA:6,1
DA:7,1
DA:10,1
DA:11,2
DA:14,1
DA:15,4
DA:16,4
DA:17,4
DA:20,1
DA:21,1
DA:23,1
DA:24,0
DA:27,1
DA:32,1
DA:33,1
DA:36,1
DA:37,1
DA:38,1
DA:39,1
DA:42,1
DA:43,9
DA:45,9
DA:46,1
DA:47,8
DA:48,0
DA:51,9
DA:52,1
DA:53,8
DA:54,0
DA:57,9
DA:58,1
DA:60,8
DA:61,8
DA:62,1
DA:63,7
DA:64,1
DA:68,9
DA:71,1
DA:72,8
DA:75,2
DA:76,0
DA:84,6
DA:85,2
DA:87,6
DA:88,2
DA:89,0
DA:97,2
DA:98,2
DA:99,2
DA:101,2
DA:102,2
DA:105,2
DA:106,6
DA:107,6
DA:109,6
DA:111,6
DA:112,0
DA:116,0
DA:119,6
DA:125,6
DA:127,6
DA:128,3
DA:133,3
DA:134,3
DA:138,2
LF:67
LH:60
BRDA:23,0,0,0
BRDA:45,1,0,1
BRDA:45,1,1,8
BRDA:47,2,0,0
BRDA:51,3,0,1
BRDA:51,3,1,8
BRDA:53,4,0,0
BRDA:57,5,0,1
BRDA:57,5,1,8
BRDA:61,6,0,1
BRDA:61,6,1,7
BRDA:61,7,0,8
BRDA:61,7,1,7
BRDA:63,8,0,1
BRDA:63,9,0,7
BRDA:63,9,1,7
BRDA:75,10,0,0
BRDA:88,11,0,0
BRDA:107,12,0,0
BRDA:111,13,0,0
BRDA:127,14,0,3
BRDA:127,14,1,3
BRF:22
BRH:15
end_of_record
